<?xml version="1.0" encoding="UTF-8"?>
<!-- Generated by org.testng.reporters.JUnitXMLReporter -->
<testsuite hostname="Shankar-PC" name="Test on FF" tests="12" failures="2" timestamp="9 Sep 2015 03:57:53 GMT" time="151.154" errors="0">
  <testcase name="TestBrokenLink" time="1.231" classname="com.rediff.testcases.HomePageTest">
    <failure type="javax.net.ssl.SSLHandshakeException" message="sun.security.validator.ValidatorException: PKIX path building failed: sun.security.provider.certpath.SunCertPathBuilderException: unable to find valid certification path to requested target">
      <![CDATA[javax.net.ssl.SSLHandshakeException: sun.security.validator.ValidatorException: PKIX path building failed: sun.security.provider.certpath.SunCertPathBuilderException: unable to find valid certification path to requested target
	at sun.security.ssl.Alerts.getSSLException(Unknown Source)
	at sun.security.ssl.SSLSocketImpl.fatal(Unknown Source)
	at sun.security.ssl.Handshaker.fatalSE(Unknown Source)
	at sun.security.ssl.Handshaker.fatalSE(Unknown Source)
	at sun.security.ssl.ClientHandshaker.serverCertificate(Unknown Source)
	at sun.security.ssl.ClientHandshaker.processMessage(Unknown Source)
	at sun.security.ssl.Handshaker.processLoop(Unknown Source)
	at sun.security.ssl.Handshaker.process_record(Unknown Source)
	at sun.security.ssl.SSLSocketImpl.readRecord(Unknown Source)
	at sun.security.ssl.SSLSocketImpl.performInitialHandshake(Unknown Source)
	at sun.security.ssl.SSLSocketImpl.startHandshake(Unknown Source)
	at sun.security.ssl.SSLSocketImpl.startHandshake(Unknown Source)
	at sun.net.www.protocol.https.HttpsClient.afterConnect(Unknown Source)
	at sun.net.www.protocol.https.AbstractDelegateHttpsURLConnection.setNewClient(Unknown Source)
	at sun.net.www.protocol.https.AbstractDelegateHttpsURLConnection.setNewClient(Unknown Source)
	at sun.net.www.protocol.http.HttpURLConnection.writeRequests(Unknown Source)
	at sun.net.www.protocol.http.HttpURLConnection.getInputStream0(Unknown Source)
	at sun.net.www.protocol.http.HttpURLConnection.getInputStream(Unknown Source)
	at java.net.HttpURLConnection.getResponseCode(Unknown Source)
	at java.net.HttpURLConnection.getResponseMessage(Unknown Source)
	at sun.net.www.protocol.https.HttpsURLConnectionImpl.getResponseMessage(Unknown Source)
	at com.framework.actions.WebAction.getResponseCode(WebAction.java:423)
	at com.framework.actions.WebAction.isLinkBroken(WebAction.java:467)
	at com.rediff.pages.HomePage.verifyAllLinkOnHomePage(HomePage.java:81)
	at com.rediff.testcases.HomePageTest.TestBrokenLink(HomePageTest.java:40)
	at java.util.concurrent.FutureTask.run(Unknown Source)
	at java.util.concurrent.ThreadPoolExecutor.runWorker(Unknown Source)
	at java.util.concurrent.ThreadPoolExecutor$Worker.run(Unknown Source)
	at java.lang.Thread.run(Unknown Source)
Caused by: sun.security.validator.ValidatorException: PKIX path building failed: sun.security.provider.certpath.SunCertPathBuilderException: unable to find valid certification path to requested target
	at sun.security.validator.PKIXValidator.doBuild(Unknown Source)
	at sun.security.validator.PKIXValidator.engineValidate(Unknown Source)
	at sun.security.validator.Validator.validate(Unknown Source)
	at sun.security.ssl.X509TrustManagerImpl.validate(Unknown Source)
	at sun.security.ssl.X509TrustManagerImpl.checkTrusted(Unknown Source)
	at sun.security.ssl.X509TrustManagerImpl.checkServerTrusted(Unknown Source)
	... 41 more
Caused by: sun.security.provider.certpath.SunCertPathBuilderException: unable to find valid certification path to requested target
	at sun.security.provider.certpath.SunCertPathBuilder.build(Unknown Source)
	at sun.security.provider.certpath.SunCertPathBuilder.engineBuild(Unknown Source)
	at java.security.cert.CertPathBuilder.build(Unknown Source)
	... 47 more
... Removed 16 stack frames]]>
    </failure>
  </testcase> <!-- TestBrokenLink -->
  <testcase name="searchText" time="1.598" classname="com.rediff.testcases.HomePageTest"/>
  <testcase name="verifyUIElementsOnHomePage" time="1.429" classname="com.rediff.testcases.HomePageTest"/>
  <testcase name="invalidLoginTest" time="1.754" classname="com.rediff.testcases.LoginTest"/>
  <testcase name="invalidLoginTest" time="1.99" classname="com.rediff.testcases.LoginTest"/>
  <testcase name="invalidLoginTest" time="1.863" classname="com.rediff.testcases.LoginTest"/>
  <testcase name="invalidLoginTest" time="1.403" classname="com.rediff.testcases.LoginTest"/>
  <testcase name="invalidLoginTest" time="1.51" classname="com.rediff.testcases.LoginTest"/>
  <testcase name="invalidLoginTest" time="1.808" classname="com.rediff.testcases.LoginTest"/>
  <testcase name="invalidLoginTest" time="1.62" classname="com.rediff.testcases.LoginTest"/>
  <testcase name="sucessfullLoginTest" time="1.797" classname="com.rediff.testcases.LoginTest"/>
  <testcase name="clickOnMenLifeStyleTest" time="0.001" classname="com.rediff.testcases.ShoppingPageTest">
    <failure type="java.lang.NullPointerException">
      <![CDATA[java.lang.NullPointerException
	at com.rediff.testcases.ShoppingPageTest.clickOnMenLifeStyleTest(ShoppingPageTest.java:44)
	at java.util.concurrent.FutureTask.run(Unknown Source)
	at java.util.concurrent.ThreadPoolExecutor.runWorker(Unknown Source)
	at java.util.concurrent.ThreadPoolExecutor$Worker.run(Unknown Source)
	at java.lang.Thread.run(Unknown Source)
... Removed 16 stack frames]]>
    </failure>
  </testcase> <!-- clickOnMenLifeStyleTest -->
</testsuite> <!-- Test on FF -->
