<?xml version="1.0" encoding="UTF-8"?>
<!-- Generated by org.testng.reporters.JUnitXMLReporter -->
<testsuite hostname="Shankar-PC" name="Rediff WebSite Testing 2" tests="12" failures="0" timestamp="7 Sep 2015 04:52:58 GMT" time="0.37" errors="0">
  <testcase name="@BeforeTest startWebDriver" time="0.0" classname="com.rediff.testcases.HomePageTest">
    <failure type="java.lang.NullPointerException">
      <![CDATA[java.lang.NullPointerException
	at com.framework.testtemplate.TestBase.startWebDriver(TestBase.java:117)
... Removed 22 stack frames]]>
    </failure>
  </testcase> <!-- @BeforeTest startWebDriver -->
  <testcase name="@BeforeMethod beforeMethod" time="0.0" classname="com.rediff.testcases.HomePageTest">
    <skipped/>
  </testcase> <!-- @BeforeMethod beforeMethod -->
  <testcase name="@BeforeMethod HomePageTestSetUp" time="0.0" classname="com.rediff.testcases.HomePageTest">
    <skipped/>
  </testcase> <!-- @BeforeMethod HomePageTestSetUp -->
  <testcase name="@AfterMethod TearDown" time="0.0" classname="com.rediff.testcases.HomePageTest">
    <failure type="java.lang.NullPointerException">
      <![CDATA[java.lang.NullPointerException
	at com.relevantcodes.extentreports.ExtentReports.endTest(ExtentReports.java:150)
	at com.framework.testtemplate.TestBase.TearDown(TestBase.java:183)
	at java.util.concurrent.ThreadPoolExecutor.runWorker(Unknown Source)
	at java.util.concurrent.ThreadPoolExecutor$Worker.run(Unknown Source)
	at java.lang.Thread.run(Unknown Source)
... Removed 12 stack frames]]>
    </failure>
  </testcase> <!-- @AfterMethod TearDown -->
  <testcase name="@BeforeMethod beforeMethod" time="0.0" classname="com.rediff.testcases.HomePageTest">
    <skipped/>
  </testcase> <!-- @BeforeMethod beforeMethod -->
  <testcase name="@BeforeMethod HomePageTestSetUp" time="0.0" classname="com.rediff.testcases.HomePageTest">
    <skipped/>
  </testcase> <!-- @BeforeMethod HomePageTestSetUp -->
  <testcase name="@AfterMethod TearDown" time="0.0" classname="com.rediff.testcases.HomePageTest">
    <failure type="java.lang.NullPointerException">
      <![CDATA[java.lang.NullPointerException
	at com.relevantcodes.extentreports.ExtentReports.endTest(ExtentReports.java:150)
	at com.framework.testtemplate.TestBase.TearDown(TestBase.java:183)
	at java.util.concurrent.ThreadPoolExecutor.runWorker(Unknown Source)
	at java.util.concurrent.ThreadPoolExecutor$Worker.run(Unknown Source)
	at java.lang.Thread.run(Unknown Source)
... Removed 12 stack frames]]>
    </failure>
  </testcase> <!-- @AfterMethod TearDown -->
  <testcase name="@BeforeMethod beforeMethod" time="0.0" classname="com.rediff.testcases.HomePageTest">
    <skipped/>
  </testcase> <!-- @BeforeMethod beforeMethod -->
  <testcase name="@BeforeMethod HomePageTestSetUp" time="0.0" classname="com.rediff.testcases.HomePageTest">
    <skipped/>
  </testcase> <!-- @BeforeMethod HomePageTestSetUp -->
  <testcase name="@BeforeMethod beforeMethod" time="0.0" classname="com.rediff.testcases.LoginTest">
    <skipped/>
  </testcase> <!-- @BeforeMethod beforeMethod -->
  <testcase name="@BeforeMethod LoginTestSetUp" time="0.0" classname="com.rediff.testcases.LoginTest">
    <skipped/>
  </testcase> <!-- @BeforeMethod LoginTestSetUp -->
  <testcase name="@AfterMethod TearDown" time="0.0" classname="com.rediff.testcases.LoginTest">
    <failure type="java.lang.NullPointerException">
      <![CDATA[java.lang.NullPointerException
	at com.relevantcodes.extentreports.ExtentReports.endTest(ExtentReports.java:150)
	at com.framework.testtemplate.TestBase.TearDown(TestBase.java:183)
	at java.util.concurrent.ThreadPoolExecutor.runWorker(Unknown Source)
	at java.util.concurrent.ThreadPoolExecutor$Worker.run(Unknown Source)
	at java.lang.Thread.run(Unknown Source)
... Removed 12 stack frames]]>
    </failure>
  </testcase> <!-- @AfterMethod TearDown -->
  <testcase name="@BeforeMethod beforeMethod" time="0.0" classname="com.rediff.testcases.LoginTest">
    <skipped/>
  </testcase> <!-- @BeforeMethod beforeMethod -->
  <testcase name="@BeforeMethod LoginTestSetUp" time="0.0" classname="com.rediff.testcases.LoginTest">
    <skipped/>
  </testcase> <!-- @BeforeMethod LoginTestSetUp -->
  <testcase name="@AfterMethod TearDown" time="0.0" classname="com.rediff.testcases.HomePageTest">
    <failure type="java.lang.NullPointerException">
      <![CDATA[java.lang.NullPointerException
	at com.relevantcodes.extentreports.ExtentReports.endTest(ExtentReports.java:150)
	at com.framework.testtemplate.TestBase.TearDown(TestBase.java:183)
	at java.util.concurrent.ThreadPoolExecutor.runWorker(Unknown Source)
	at java.util.concurrent.ThreadPoolExecutor$Worker.run(Unknown Source)
	at java.lang.Thread.run(Unknown Source)
... Removed 12 stack frames]]>
    </failure>
  </testcase> <!-- @AfterMethod TearDown -->
  <testcase name="@AfterMethod TearDown" time="0.0" classname="com.rediff.testcases.LoginTest">
    <failure type="java.lang.NullPointerException">
      <![CDATA[java.lang.NullPointerException
	at com.relevantcodes.extentreports.ExtentReports.endTest(ExtentReports.java:150)
	at com.framework.testtemplate.TestBase.TearDown(TestBase.java:183)
	at java.util.concurrent.ThreadPoolExecutor.runWorker(Unknown Source)
	at java.util.concurrent.ThreadPoolExecutor$Worker.run(Unknown Source)
	at java.lang.Thread.run(Unknown Source)
... Removed 11 stack frames]]>
    </failure>
  </testcase> <!-- @AfterMethod TearDown -->
  <testcase name="@BeforeMethod beforeMethod" time="0.0" classname="com.rediff.testcases.LoginTest">
    <skipped/>
  </testcase> <!-- @BeforeMethod beforeMethod -->
  <testcase name="@BeforeMethod LoginTestSetUp" time="0.0" classname="com.rediff.testcases.LoginTest">
    <skipped/>
  </testcase> <!-- @BeforeMethod LoginTestSetUp -->
  <testcase name="@AfterMethod TearDown" time="0.0" classname="com.rediff.testcases.LoginTest">
    <failure type="java.lang.NullPointerException">
      <![CDATA[java.lang.NullPointerException
	at com.relevantcodes.extentreports.ExtentReports.endTest(ExtentReports.java:150)
	at com.framework.testtemplate.TestBase.TearDown(TestBase.java:183)
	at java.util.concurrent.ThreadPoolExecutor.runWorker(Unknown Source)
	at java.util.concurrent.ThreadPoolExecutor$Worker.run(Unknown Source)
	at java.lang.Thread.run(Unknown Source)
... Removed 11 stack frames]]>
    </failure>
  </testcase> <!-- @AfterMethod TearDown -->
  <testcase name="@BeforeMethod beforeMethod" time="0.0" classname="com.rediff.testcases.LoginTest">
    <skipped/>
  </testcase> <!-- @BeforeMethod beforeMethod -->
  <testcase name="@BeforeMethod beforeMethod" time="0.0" classname="com.rediff.testcases.LoginTest">
    <skipped/>
  </testcase> <!-- @BeforeMethod beforeMethod -->
  <testcase name="@BeforeMethod LoginTestSetUp" time="0.0" classname="com.rediff.testcases.LoginTest">
    <skipped/>
  </testcase> <!-- @BeforeMethod LoginTestSetUp -->
  <testcase name="@BeforeMethod LoginTestSetUp" time="0.0" classname="com.rediff.testcases.LoginTest">
    <skipped/>
  </testcase> <!-- @BeforeMethod LoginTestSetUp -->
  <testcase name="@AfterMethod TearDown" time="0.0" classname="com.rediff.testcases.LoginTest">
    <failure type="java.lang.NullPointerException">
      <![CDATA[java.lang.NullPointerException
	at com.relevantcodes.extentreports.ExtentReports.endTest(ExtentReports.java:150)
	at com.framework.testtemplate.TestBase.TearDown(TestBase.java:183)
	at java.util.concurrent.ThreadPoolExecutor.runWorker(Unknown Source)
	at java.util.concurrent.ThreadPoolExecutor$Worker.run(Unknown Source)
	at java.lang.Thread.run(Unknown Source)
... Removed 11 stack frames]]>
    </failure>
  </testcase> <!-- @AfterMethod TearDown -->
  <testcase name="@BeforeMethod beforeMethod" time="0.0" classname="com.rediff.testcases.LoginTest">
    <skipped/>
  </testcase> <!-- @BeforeMethod beforeMethod -->
  <testcase name="@BeforeMethod LoginTestSetUp" time="0.0" classname="com.rediff.testcases.LoginTest">
    <skipped/>
  </testcase> <!-- @BeforeMethod LoginTestSetUp -->
  <testcase name="@AfterMethod TearDown" time="0.0" classname="com.rediff.testcases.LoginTest">
    <failure type="java.lang.NullPointerException">
      <![CDATA[java.lang.NullPointerException
	at com.relevantcodes.extentreports.ExtentReports.endTest(ExtentReports.java:150)
	at com.framework.testtemplate.TestBase.TearDown(TestBase.java:183)
	at java.util.concurrent.ThreadPoolExecutor.runWorker(Unknown Source)
	at java.util.concurrent.ThreadPoolExecutor$Worker.run(Unknown Source)
	at java.lang.Thread.run(Unknown Source)
... Removed 11 stack frames]]>
    </failure>
  </testcase> <!-- @AfterMethod TearDown -->
  <testcase name="@BeforeMethod beforeMethod" time="0.0" classname="com.rediff.testcases.LoginTest">
    <skipped/>
  </testcase> <!-- @BeforeMethod beforeMethod -->
  <testcase name="@BeforeMethod LoginTestSetUp" time="0.0" classname="com.rediff.testcases.LoginTest">
    <skipped/>
  </testcase> <!-- @BeforeMethod LoginTestSetUp -->
  <testcase name="@AfterMethod TearDown" time="0.0" classname="com.rediff.testcases.LoginTest">
    <failure type="java.lang.NullPointerException">
      <![CDATA[java.lang.NullPointerException
	at com.relevantcodes.extentreports.ExtentReports.endTest(ExtentReports.java:150)
	at com.framework.testtemplate.TestBase.TearDown(TestBase.java:183)
	at java.util.concurrent.ThreadPoolExecutor.runWorker(Unknown Source)
	at java.util.concurrent.ThreadPoolExecutor$Worker.run(Unknown Source)
	at java.lang.Thread.run(Unknown Source)
... Removed 11 stack frames]]>
    </failure>
  </testcase> <!-- @AfterMethod TearDown -->
  <testcase name="@BeforeMethod beforeMethod" time="0.0" classname="com.rediff.testcases.LoginTest">
    <skipped/>
  </testcase> <!-- @BeforeMethod beforeMethod -->
  <testcase name="@BeforeMethod LoginTestSetUp" time="0.0" classname="com.rediff.testcases.LoginTest">
    <skipped/>
  </testcase> <!-- @BeforeMethod LoginTestSetUp -->
  <testcase name="@AfterMethod TearDown" time="0.0" classname="com.rediff.testcases.LoginTest">
    <failure type="java.lang.NullPointerException">
      <![CDATA[java.lang.NullPointerException
	at com.relevantcodes.extentreports.ExtentReports.endTest(ExtentReports.java:150)
	at com.framework.testtemplate.TestBase.TearDown(TestBase.java:183)
	at java.util.concurrent.ThreadPoolExecutor.runWorker(Unknown Source)
	at java.util.concurrent.ThreadPoolExecutor$Worker.run(Unknown Source)
	at java.lang.Thread.run(Unknown Source)
... Removed 11 stack frames]]>
    </failure>
  </testcase> <!-- @AfterMethod TearDown -->
  <testcase name="@BeforeMethod beforeMethod" time="0.0" classname="com.rediff.testcases.ShoppingPageTest">
    <skipped/>
  </testcase> <!-- @BeforeMethod beforeMethod -->
  <testcase name="@BeforeMethod LoginTestSetUp" time="0.0" classname="com.rediff.testcases.ShoppingPageTest">
    <skipped/>
  </testcase> <!-- @BeforeMethod LoginTestSetUp -->
  <testcase name="@AfterMethod TearDown" time="0.0" classname="com.rediff.testcases.ShoppingPageTest">
    <failure type="java.lang.NullPointerException">
      <![CDATA[java.lang.NullPointerException
	at com.relevantcodes.extentreports.ExtentReports.endTest(ExtentReports.java:150)
	at com.framework.testtemplate.TestBase.TearDown(TestBase.java:183)
	at java.util.concurrent.ThreadPoolExecutor.runWorker(Unknown Source)
	at java.util.concurrent.ThreadPoolExecutor$Worker.run(Unknown Source)
	at java.lang.Thread.run(Unknown Source)
... Removed 11 stack frames]]>
    </failure>
  </testcase> <!-- @AfterMethod TearDown -->
  <testcase name="@AfterMethod TearDown" time="0.0" classname="com.rediff.testcases.LoginTest">
    <failure type="java.lang.NullPointerException">
      <![CDATA[java.lang.NullPointerException
	at com.relevantcodes.extentreports.ExtentReports.endTest(ExtentReports.java:150)
	at com.framework.testtemplate.TestBase.TearDown(TestBase.java:183)
	at java.util.concurrent.ThreadPoolExecutor.runWorker(Unknown Source)
	at java.util.concurrent.ThreadPoolExecutor$Worker.run(Unknown Source)
	at java.lang.Thread.run(Unknown Source)
... Removed 11 stack frames]]>
    </failure>
  </testcase> <!-- @AfterMethod TearDown -->
  <testcase name="TestBrokenLink" time="0.019" classname="com.rediff.testcases.HomePageTest">
    <skipped/>
  </testcase> <!-- TestBrokenLink -->
  <testcase name="verifyUIElementsOnHomePage" time="0.0" classname="com.rediff.testcases.HomePageTest">
    <skipped/>
  </testcase> <!-- verifyUIElementsOnHomePage -->
  <testcase name="invalidLoginTest" time="0.0" classname="com.rediff.testcases.LoginTest">
    <skipped/>
  </testcase> <!-- invalidLoginTest -->
  <testcase name="searchText" time="0.0" classname="com.rediff.testcases.HomePageTest">
    <skipped/>
  </testcase> <!-- searchText -->
  <testcase name="invalidLoginTest" time="0.0" classname="com.rediff.testcases.LoginTest">
    <skipped/>
  </testcase> <!-- invalidLoginTest -->
  <testcase name="invalidLoginTest" time="0.0" classname="com.rediff.testcases.LoginTest">
    <skipped/>
  </testcase> <!-- invalidLoginTest -->
  <testcase name="invalidLoginTest" time="0.0" classname="com.rediff.testcases.LoginTest">
    <skipped/>
  </testcase> <!-- invalidLoginTest -->
  <testcase name="sucessfullLoginTest" time="0.0" classname="com.rediff.testcases.LoginTest">
    <skipped/>
  </testcase> <!-- sucessfullLoginTest -->
  <testcase name="invalidLoginTest" time="0.001" classname="com.rediff.testcases.LoginTest">
    <skipped/>
  </testcase> <!-- invalidLoginTest -->
  <testcase name="invalidLoginTest" time="0.0" classname="com.rediff.testcases.LoginTest">
    <skipped/>
  </testcase> <!-- invalidLoginTest -->
  <testcase name="invalidLoginTest" time="0.001" classname="com.rediff.testcases.LoginTest">
    <skipped/>
  </testcase> <!-- invalidLoginTest -->
  <testcase name="clickOnMenLifeStyleTest" time="0.0" classname="com.rediff.testcases.ShoppingPageTest">
    <skipped/>
  </testcase> <!-- clickOnMenLifeStyleTest -->
</testsuite> <!-- Rediff WebSite Testing 2 -->
